<?xml version="1.0" encoding="UTF-8" standalone="yes"?><!DOCTYPE report PUBLIC "-//JACOCO//DTD Report 1.0//EN" "report.dtd"><report name="JaCoCo"><sessioninfo id="Stu10-5bf848ee" start="1574122275374" dump="1574122275670"/><sessioninfo id="Stu10-127ba466" start="1574122318154" dump="1574122318434"/><sessioninfo id="Stu10-6d03eba" start="1574123355652" dump="1574123355939"/><sessioninfo id="Stu10-9147f5a9" start="1574123559836" dump="1574123560134"/><sessioninfo id="Stu10-e2617116" start="1574123670875" dump="1574123671186"/><sessioninfo id="Stu10-944eafde" start="1574123953919" dump="1574123954224"/><sessioninfo id="Stu10-e9a37a1" start="1574124153221" dump="1574124153510"/><sessioninfo id="Stu10-bf2d854a" start="1574124279181" dump="1574124279498"/><sessioninfo id="Stu10-26c87686" start="1574124606118" dump="1574124606426"/><sessioninfo id="Stu10-38201207" start="1574124725141" dump="1574124725464"/><sessioninfo id="Stu10-8b8ab60a" start="1574124818246" dump="1574124818560"/><sessioninfo id="Stu10-94842822" start="1574125278592" dump="1574125278918"/><sessioninfo id="Stu10-84aa0b14" start="1574125309258" dump="1574125309594"/><sessioninfo id="Stu10-c46d52d7" start="1574126197112" dump="1574126197434"/><sessioninfo id="Stu10-b6aa682f" start="1574126607755" dump="1574126608112"/><sessioninfo id="Stu10-6d2ac394" start="1574126654104" dump="1574126654441"/><sessioninfo id="Stu10-24acec6e" start="1574126846312" dump="1574126846635"/><sessioninfo id="Stu10-4f13d05e" start="1574127048878" dump="1574127049190"/><sessioninfo id="Stu10-ac4e9c1a" start="1574127097891" dump="1574127098214"/><sessioninfo id="Stu10-74a66bdc" start="1574127327453" dump="1574127327779"/><sessioninfo id="Stu10-7ad5337e" start="1574128237773" dump="1574128238100"/><sessioninfo id="Stu10-f2869389" start="1574128302942" dump="1574128303246"/><sessioninfo id="Stu10-45c06d77" start="1574128372440" dump="1574128372738"/><sessioninfo id="Stu10-992d0dcc" start="1574142178814" dump="1574142179159"/><sessioninfo id="Stu10-68d77934" start="1574142274115" dump="1574142274417"/><sessioninfo id="Stu10-44bb3278" start="1574142339856" dump="1574142340144"/><sessioninfo id="Stu10-be7ca4da" start="1574142502635" dump="1574142502938"/><sessioninfo id="Stu10-3374b64c" start="1574143575989" dump="1574143576337"/><sessioninfo id="Stu10-ad32e245" start="1574143639134" dump="1574143639481"/><package name="com/test/jacoco"><class name="com/test/jacoco/HelloWorld"><method name="&lt;init&gt;" desc="()V" line="7"><counter type="INSTRUCTION" missed="0" covered="3"/><counter type="LINE" missed="0" covered="2"/><counter type="COMPLEXITY" missed="0" covered="1"/><counter type="METHOD" missed="0" covered="1"/></method><method name="Method1" desc="()Ljava/lang/String;" line="12"><counter type="INSTRUCTION" missed="0" covered="2"/><counter type="LINE" missed="0" covered="1"/><counter type="COMPLEXITY" missed="0" covered="1"/><counter type="METHOD" missed="0" covered="1"/></method><method name="Method2" desc="(II)I" line="16"><counter type="INSTRUCTION" missed="0" covered="4"/><counter type="LINE" missed="0" covered="1"/><counter type="COMPLEXITY" missed="0" covered="1"/><counter type="METHOD" missed="0" covered="1"/></method><method name="Method3" desc="(III)I" line="20"><counter type="INSTRUCTION" missed="0" covered="26"/><counter type="BRANCH" missed="0" covered="10"/><counter type="LINE" missed="0" covered="6"/><counter type="COMPLEXITY" missed="0" covered="6"/><counter type="METHOD" missed="0" covered="1"/></method><method name="Method4" desc="(IIIIF)I" line="32"><counter type="INSTRUCTION" missed="0" covered="25"/><counter type="BRANCH" missed="2" covered="6"/><counter type="LINE" missed="0" covered="7"/><counter type="COMPLEXITY" missed="2" covered="3"/><counter type="METHOD" missed="0" covered="1"/></method><method name="bug" desc="(I)Z" line="43"><counter type="INSTRUCTION" missed="0" covered="7"/><counter type="BRANCH" missed="0" covered="2"/><counter type="LINE" missed="0" covered="2"/><counter type="COMPLEXITY" missed="0" covered="2"/><counter type="METHOD" missed="0" covered="1"/></method><method name="isTriangle" desc="(III)Z" line="53"><counter type="INSTRUCTION" missed="0" covered="25"/><counter type="BRANCH" missed="0" covered="12"/><counter type="LINE" missed="0" covered="4"/><counter type="COMPLEXITY" missed="0" covered="7"/><counter type="METHOD" missed="0" covered="1"/></method><method name="isBirthday" desc="(III)Z" line="66"><counter type="INSTRUCTION" missed="0" covered="114"/><counter type="BRANCH" missed="0" covered="62"/><counter type="LINE" missed="0" covered="14"/><counter type="COMPLEXITY" missed="0" covered="32"/><counter type="METHOD" missed="0" covered="1"/></method><method name="miniCalculator" desc="(DDC)Ljava/lang/Double;" line="98"><counter type="INSTRUCTION" missed="0" covered="33"/><counter type="BRANCH" missed="0" covered="8"/><counter type="LINE" missed="0" covered="10"/><counter type="COMPLEXITY" missed="0" covered="5"/><counter type="METHOD" missed="0" covered="1"/></method><counter type="INSTRUCTION" missed="0" covered="239"/><counter type="BRANCH" missed="2" covered="100"/><counter type="LINE" missed="0" covered="47"/><counter type="COMPLEXITY" missed="2" covered="58"/><counter type="METHOD" missed="0" covered="9"/><counter type="CLASS" missed="0" covered="1"/></class><sourcefile name="HelloWorld.java"><line nr="7" mi="0" ci="2" mb="0" cb="0"/><line nr="9" mi="0" ci="1" mb="0" cb="0"/><line nr="12" mi="0" ci="2" mb="0" cb="0"/><line nr="16" mi="0" ci="4" mb="0" cb="0"/><line nr="20" mi="0" ci="7" mb="0" cb="6"/><line nr="21" mi="0" ci="4" mb="0" cb="0"/><line nr="23" mi="0" ci="6" mb="0" cb="4"/><line nr="24" mi="0" ci="4" mb="0" cb="0"/><line nr="27" mi="0" ci="3" mb="0" cb="0"/><line nr="29" mi="0" ci="2" mb="0" cb="0"/><line nr="32" mi="0" ci="2" mb="0" cb="2"/><line nr="33" mi="0" ci="2" mb="0" cb="0"/><line nr="35" mi="0" ci="2" mb="0" cb="0"/><line nr="36" mi="0" ci="10" mb="2" cb="4"/><line nr="37" mi="0" ci="2" mb="0" cb="0"/><line nr="39" mi="0" ci="5" mb="0" cb="0"/><line nr="40" mi="0" ci="2" mb="0" cb="0"/><line nr="43" mi="0" ci="5" mb="0" cb="2"/><line nr="44" mi="0" ci="2" mb="0" cb="0"/><line nr="53" mi="0" ci="6" mb="0" cb="6"/><line nr="55" mi="0" ci="15" mb="0" cb="6"/><line nr="56" mi="0" ci="2" mb="0" cb="0"/><line nr="58" mi="0" ci="2" mb="0" cb="0"/><line nr="66" mi="0" ci="8" mb="0" cb="4"/><line nr="67" mi="0" ci="29" mb="0" cb="18"/><line nr="68" mi="0" ci="20" mb="0" cb="12"/><line nr="69" mi="0" ci="3" mb="0" cb="2"/><line nr="71" mi="0" ci="12" mb="0" cb="6"/><line nr="73" mi="0" ci="6" mb="0" cb="4"/><line nr="74" mi="0" ci="2" mb="0" cb="0"/><line nr="78" mi="0" ci="6" mb="0" cb="4"/><line nr="79" mi="0" ci="2" mb="0" cb="0"/><line nr="82" mi="0" ci="8" mb="0" cb="4"/><line nr="83" mi="0" ci="3" mb="0" cb="2"/><line nr="85" mi="0" ci="5" mb="0" cb="2"/><line nr="86" mi="0" ci="8" mb="0" cb="4"/><line nr="89" mi="0" ci="2" mb="0" cb="0"/><line nr="98" mi="0" ci="2" mb="0" cb="0"/><line nr="99" mi="0" ci="3" mb="0" cb="2"/><line nr="100" mi="0" ci="4" mb="0" cb="0"/><line nr="101" mi="0" ci="3" mb="0" cb="2"/><line nr="102" mi="0" ci="4" mb="0" cb="0"/><line nr="103" mi="0" ci="3" mb="0" cb="2"/><line nr="104" mi="0" ci="4" mb="0" cb="0"/><line nr="105" mi="0" ci="3" mb="0" cb="2"/><line nr="106" mi="0" ci="4" mb="0" cb="0"/><line nr="107" mi="0" ci="3" mb="0" cb="0"/><counter type="INSTRUCTION" missed="0" covered="239"/><counter type="BRANCH" missed="2" covered="100"/><counter type="LINE" missed="0" covered="47"/><counter type="COMPLEXITY" missed="2" covered="58"/><counter type="METHOD" missed="0" covered="9"/><counter type="CLASS" missed="0" covered="1"/></sourcefile><counter type="INSTRUCTION" missed="0" covered="239"/><counter type="BRANCH" missed="2" covered="100"/><counter type="LINE" missed="0" covered="47"/><counter type="COMPLEXITY" missed="2" covered="58"/><counter type="METHOD" missed="0" covered="9"/><counter type="CLASS" missed="0" covered="1"/></package><counter type="INSTRUCTION" missed="0" covered="239"/><counter type="BRANCH" missed="2" covered="100"/><counter type="LINE" missed="0" covered="47"/><counter type="COMPLEXITY" missed="2" covered="58"/><counter type="METHOD" missed="0" covered="9"/><counter type="CLASS" missed="0" covered="1"/></report>